2017-06-05 17:36:45.482 DEBUG 2596 --- [main] o.s.w.c.s.StandardServletEnvironment     : Adding [servletConfigInitParams] PropertySource with lowest search precedence
2017-06-05 17:36:45.484 DEBUG 2596 --- [main] o.s.w.c.s.StandardServletEnvironment     : Adding [servletContextInitParams] PropertySource with lowest search precedence
2017-06-05 17:36:45.484 DEBUG 2596 --- [main] o.s.w.c.s.StandardServletEnvironment     : Adding [systemProperties] PropertySource with lowest search precedence
2017-06-05 17:36:45.484 DEBUG 2596 --- [main] o.s.w.c.s.StandardServletEnvironment     : Adding [systemEnvironment] PropertySource with lowest search precedence
2017-06-05 17:36:45.485 DEBUG 2596 --- [main] o.s.w.c.s.StandardServletEnvironment     : Initialized StandardServletEnvironment with PropertySources [servletConfigInitParams,servletContextInitParams,systemProperties,systemEnvironment]
2017-06-05 17:36:45.514  INFO 2596 --- [main] c.e.s.StockexchangeApplication           : Starting StockexchangeApplication on Lenovo-PC with PID 2596 (E:\Spring\sts-bundle\stockexchange\bin started by BURHAN in E:\Spring\sts-bundle\stockexchange)
2017-06-05 17:36:45.514  INFO 2596 --- [main] c.e.s.StockexchangeApplication           : No active profile set, falling back to default profiles: default
2017-06-05 17:36:45.563  INFO 2596 --- [main] ationConfigEmbeddedWebApplicationContext : Refreshing org.springframework.boot.context.embedded.AnnotationConfigEmbeddedWebApplicationContext@55040f2f: startup date [Mon Jun 05 17:36:45 EET 2017]; root of context hierarchy
2017-06-05 17:36:46.321 DEBUG 2596 --- [main] o.s.w.c.s.StandardServletEnvironment     : Adding [applicationConfig: [classpath:/application.properties]] PropertySource with search precedence immediately lower than [applicationConfigurationProperties]
2017-06-05 17:36:46.322 DEBUG 2596 --- [main] o.s.w.c.s.StandardServletEnvironment     : Removing [applicationConfigurationProperties] PropertySource
2017-06-05 17:36:46.322 DEBUG 2596 --- [main] o.s.w.c.s.StandardServletEnvironment     : Removing [defaultProperties] PropertySource
2017-06-05 17:36:46.379  INFO 2596 --- [main] trationDelegate$BeanPostProcessorChecker : Bean 'stockexchangeApplication' of type [com.example.stockexchange.StockexchangeApplication$$EnhancerBySpringCGLIB$$1bdc00ec] is not eligible for getting processed by all BeanPostProcessors (for example: not eligible for auto-proxying)
2017-06-05 17:36:46.383  INFO 2596 --- [main] o.s.s.concurrent.ThreadPoolTaskExecutor  : Initializing ExecutorService 
2017-06-05 17:36:46.824  INFO 2596 --- [main] s.b.c.e.t.TomcatEmbeddedServletContainer : Tomcat initialized with port(s): 8080 (http)
2017-06-05 17:36:46.837  INFO 2596 --- [main] o.apache.catalina.core.StandardService   : Starting service Tomcat
2017-06-05 17:36:46.838  INFO 2596 --- [main] org.apache.catalina.core.StandardEngine  : Starting Servlet Engine: Apache Tomcat/8.5.14
2017-06-05 17:36:46.960  INFO 2596 --- [localhost-startStop-1] o.a.c.c.C.[Tomcat].[localhost].[/]       : Initializing Spring embedded WebApplicationContext
2017-06-05 17:36:46.960 DEBUG 2596 --- [localhost-startStop-1] o.s.web.context.ContextLoader            : Published root WebApplicationContext as ServletContext attribute with name [org.springframework.web.context.WebApplicationContext.ROOT]
2017-06-05 17:36:46.960  INFO 2596 --- [localhost-startStop-1] o.s.web.context.ContextLoader            : Root WebApplicationContext: initialization completed in 1399 ms
2017-06-05 17:36:47.042 DEBUG 2596 --- [localhost-startStop-1] o.s.w.c.s.StandardServletEnvironment     : Adding [servletConfigInitParams] PropertySource with lowest search precedence
2017-06-05 17:36:47.042 DEBUG 2596 --- [localhost-startStop-1] o.s.w.c.s.StandardServletEnvironment     : Adding [servletContextInitParams] PropertySource with lowest search precedence
2017-06-05 17:36:47.044 DEBUG 2596 --- [localhost-startStop-1] o.s.w.c.s.StandardServletEnvironment     : Adding [systemProperties] PropertySource with lowest search precedence
2017-06-05 17:36:47.044 DEBUG 2596 --- [localhost-startStop-1] o.s.w.c.s.StandardServletEnvironment     : Adding [systemEnvironment] PropertySource with lowest search precedence
2017-06-05 17:36:47.044 DEBUG 2596 --- [localhost-startStop-1] o.s.w.c.s.StandardServletEnvironment     : Initialized StandardServletEnvironment with PropertySources [servletConfigInitParams,servletContextInitParams,systemProperties,systemEnvironment]
2017-06-05 17:36:47.063 DEBUG 2596 --- [localhost-startStop-1] o.s.w.c.s.StandardServletEnvironment     : Adding [servletConfigInitParams] PropertySource with lowest search precedence
2017-06-05 17:36:47.063 DEBUG 2596 --- [localhost-startStop-1] o.s.w.c.s.StandardServletEnvironment     : Adding [servletContextInitParams] PropertySource with lowest search precedence
2017-06-05 17:36:47.063 DEBUG 2596 --- [localhost-startStop-1] o.s.w.c.s.StandardServletEnvironment     : Adding [systemProperties] PropertySource with lowest search precedence
2017-06-05 17:36:47.064 DEBUG 2596 --- [localhost-startStop-1] o.s.w.c.s.StandardServletEnvironment     : Adding [systemEnvironment] PropertySource with lowest search precedence
2017-06-05 17:36:47.064 DEBUG 2596 --- [localhost-startStop-1] o.s.w.c.s.StandardServletEnvironment     : Initialized StandardServletEnvironment with PropertySources [servletConfigInitParams,servletContextInitParams,systemProperties,systemEnvironment]
2017-06-05 17:36:47.071 DEBUG 2596 --- [localhost-startStop-1] o.s.w.c.s.StandardServletEnvironment     : Adding [servletConfigInitParams] PropertySource with lowest search precedence
2017-06-05 17:36:47.072 DEBUG 2596 --- [localhost-startStop-1] o.s.w.c.s.StandardServletEnvironment     : Adding [servletContextInitParams] PropertySource with lowest search precedence
2017-06-05 17:36:47.072 DEBUG 2596 --- [localhost-startStop-1] o.s.w.c.s.StandardServletEnvironment     : Adding [systemProperties] PropertySource with lowest search precedence
2017-06-05 17:36:47.072 DEBUG 2596 --- [localhost-startStop-1] o.s.w.c.s.StandardServletEnvironment     : Adding [systemEnvironment] PropertySource with lowest search precedence
2017-06-05 17:36:47.072 DEBUG 2596 --- [localhost-startStop-1] o.s.w.c.s.StandardServletEnvironment     : Initialized StandardServletEnvironment with PropertySources [servletConfigInitParams,servletContextInitParams,systemProperties,systemEnvironment]
2017-06-05 17:36:47.083 DEBUG 2596 --- [localhost-startStop-1] o.s.w.c.s.StandardServletEnvironment     : Adding [servletConfigInitParams] PropertySource with lowest search precedence
2017-06-05 17:36:47.083 DEBUG 2596 --- [localhost-startStop-1] o.s.w.c.s.StandardServletEnvironment     : Adding [servletContextInitParams] PropertySource with lowest search precedence
2017-06-05 17:36:47.083 DEBUG 2596 --- [localhost-startStop-1] o.s.w.c.s.StandardServletEnvironment     : Adding [systemProperties] PropertySource with lowest search precedence
2017-06-05 17:36:47.083 DEBUG 2596 --- [localhost-startStop-1] o.s.w.c.s.StandardServletEnvironment     : Adding [systemEnvironment] PropertySource with lowest search precedence
2017-06-05 17:36:47.083 DEBUG 2596 --- [localhost-startStop-1] o.s.w.c.s.StandardServletEnvironment     : Initialized StandardServletEnvironment with PropertySources [servletConfigInitParams,servletContextInitParams,systemProperties,systemEnvironment]
2017-06-05 17:36:47.100  INFO 2596 --- [localhost-startStop-1] o.s.b.w.servlet.ServletRegistrationBean  : Mapping servlet: 'dispatcherServlet' to [/]
2017-06-05 17:36:47.105  INFO 2596 --- [localhost-startStop-1] o.s.b.w.servlet.FilterRegistrationBean   : Mapping filter: 'characterEncodingFilter' to: [/*]
2017-06-05 17:36:47.106  INFO 2596 --- [localhost-startStop-1] o.s.b.w.servlet.FilterRegistrationBean   : Mapping filter: 'hiddenHttpMethodFilter' to: [/*]
2017-06-05 17:36:47.106  INFO 2596 --- [localhost-startStop-1] o.s.b.w.servlet.FilterRegistrationBean   : Mapping filter: 'httpPutFormContentFilter' to: [/*]
2017-06-05 17:36:47.106  INFO 2596 --- [localhost-startStop-1] o.s.b.w.servlet.FilterRegistrationBean   : Mapping filter: 'requestContextFilter' to: [/*]
2017-06-05 17:36:47.137 DEBUG 2596 --- [main] o.s.w.c.s.StandardServletEnvironment     : Replacing [servletContextInitParams] PropertySource with [servletContextInitParams]
2017-06-05 17:36:47.674  INFO 2596 --- [main] org.mongodb.driver.cluster               : Cluster created with settings {hosts=[localhost:27017], mode=SINGLE, requiredClusterType=UNKNOWN, serverSelectionTimeout='30000 ms', maxWaitQueueSize=500}
2017-06-05 17:36:47.719  INFO 2596 --- [cluster-ClusterId{value='59356c7f9391080a24b15734', description='null'}-localhost:27017] org.mongodb.driver.connection            : Opened connection [connectionId{localValue:1, serverValue:487}] to localhost:27017
2017-06-05 17:36:47.720  INFO 2596 --- [cluster-ClusterId{value='59356c7f9391080a24b15734', description='null'}-localhost:27017] org.mongodb.driver.cluster               : Monitor thread successfully connected to server with description ServerDescription{address=localhost:27017, type=STANDALONE, state=CONNECTED, ok=true, version=ServerVersion{versionList=[3, 4, 4]}, minWireVersion=0, maxWireVersion=5, maxDocumentSize=16777216, roundTripTimeNanos=365939}
2017-06-05 17:36:47.854  INFO 2596 --- [main] org.mongodb.driver.cluster               : Cluster created with settings {hosts=[127.0.0.1:27017], mode=SINGLE, requiredClusterType=UNKNOWN, serverSelectionTimeout='30000 ms', maxWaitQueueSize=50}
2017-06-05 17:36:47.861  INFO 2596 --- [cluster-ClusterId{value='59356c7f9391080a24b15735', description='null'}-127.0.0.1:27017] org.mongodb.driver.connection            : Opened connection [connectionId{localValue:2, serverValue:488}] to 127.0.0.1:27017
2017-06-05 17:36:47.863  INFO 2596 --- [cluster-ClusterId{value='59356c7f9391080a24b15735', description='null'}-127.0.0.1:27017] org.mongodb.driver.cluster               : Monitor thread successfully connected to server with description ServerDescription{address=127.0.0.1:27017, type=STANDALONE, state=CONNECTED, ok=true, version=ServerVersion{versionList=[3, 4, 4]}, minWireVersion=0, maxWireVersion=5, maxDocumentSize=16777216, roundTripTimeNanos=536473}
2017-06-05 17:36:47.880  INFO 2596 --- [main] org.mongodb.driver.cluster               : Cluster created with settings {hosts=[127.0.0.1:27017], mode=SINGLE, requiredClusterType=UNKNOWN, serverSelectionTimeout='30000 ms', maxWaitQueueSize=50}
2017-06-05 17:36:47.885  INFO 2596 --- [cluster-ClusterId{value='59356c7f9391080a24b15736', description='null'}-127.0.0.1:27017] org.mongodb.driver.connection            : Opened connection [connectionId{localValue:3, serverValue:489}] to 127.0.0.1:27017
2017-06-05 17:36:47.886  INFO 2596 --- [cluster-ClusterId{value='59356c7f9391080a24b15736', description='null'}-127.0.0.1:27017] org.mongodb.driver.cluster               : Monitor thread successfully connected to server with description ServerDescription{address=127.0.0.1:27017, type=STANDALONE, state=CONNECTED, ok=true, version=ServerVersion{versionList=[3, 4, 4]}, minWireVersion=0, maxWireVersion=5, maxDocumentSize=16777216, roundTripTimeNanos=458312}
2017-06-05 17:36:48.159  INFO 2596 --- [main] s.w.s.m.m.a.RequestMappingHandlerAdapter : Looking for @ControllerAdvice: org.springframework.boot.context.embedded.AnnotationConfigEmbeddedWebApplicationContext@55040f2f: startup date [Mon Jun 05 17:36:45 EET 2017]; root of context hierarchy
2017-06-05 17:36:48.204 DEBUG 2596 --- [main] s.w.s.m.m.a.RequestMappingHandlerMapping : Looking for request mappings in application context: org.springframework.boot.context.embedded.AnnotationConfigEmbeddedWebApplicationContext@55040f2f: startup date [Mon Jun 05 17:36:45 EET 2017]; root of context hierarchy
2017-06-05 17:36:48.214 DEBUG 2596 --- [main] s.w.s.m.m.a.RequestMappingHandlerMapping : 5 request handler methods found on class com.example.stockexchange.service.StockExchangeController: {public org.springframework.http.ResponseEntity com.example.stockexchange.service.StockExchangeController.getAllSuccesfulTransactions()={[/stock/successfultransactions]}, public org.springframework.http.ResponseEntity com.example.stockexchange.service.StockExchangeController.getAllTransactions()={[/stock/alltransactions],methods=[GET]}, public org.springframework.http.ResponseEntity com.example.stockexchange.service.StockExchangeController.getAllCompanies()={[/stock/companies],methods=[GET]}, public org.springframework.http.ResponseEntity com.example.stockexchange.service.StockExchangeController.getCompany(java.lang.String)={[/stock/company/companyId={companyId}],methods=[GET]}, public org.springframework.http.ResponseEntity com.example.stockexchange.service.StockExchangeController.stockExchange(com.example.stockexchange.domain.ExchangeData)={[/stock/exchange],methods=[POST]}}
2017-06-05 17:36:48.215  INFO 2596 --- [main] s.w.s.m.m.a.RequestMappingHandlerMapping : Mapped "{[/stock/successfultransactions]}" onto public org.springframework.http.ResponseEntity<?> com.example.stockexchange.service.StockExchangeController.getAllSuccesfulTransactions()
2017-06-05 17:36:48.216  INFO 2596 --- [main] s.w.s.m.m.a.RequestMappingHandlerMapping : Mapped "{[/stock/alltransactions],methods=[GET]}" onto public org.springframework.http.ResponseEntity<?> com.example.stockexchange.service.StockExchangeController.getAllTransactions()
2017-06-05 17:36:48.216  INFO 2596 --- [main] s.w.s.m.m.a.RequestMappingHandlerMapping : Mapped "{[/stock/companies],methods=[GET]}" onto public org.springframework.http.ResponseEntity<?> com.example.stockexchange.service.StockExchangeController.getAllCompanies()
2017-06-05 17:36:48.216  INFO 2596 --- [main] s.w.s.m.m.a.RequestMappingHandlerMapping : Mapped "{[/stock/company/companyId={companyId}],methods=[GET]}" onto public org.springframework.http.ResponseEntity<?> com.example.stockexchange.service.StockExchangeController.getCompany(java.lang.String)
2017-06-05 17:36:48.217  INFO 2596 --- [main] s.w.s.m.m.a.RequestMappingHandlerMapping : Mapped "{[/stock/exchange],methods=[POST]}" onto public org.springframework.http.ResponseEntity<?> com.example.stockexchange.service.StockExchangeController.stockExchange(com.example.stockexchange.domain.ExchangeData)
2017-06-05 17:36:48.218 DEBUG 2596 --- [main] s.w.s.m.m.a.RequestMappingHandlerMapping : 2 request handler methods found on class org.springframework.boot.autoconfigure.web.BasicErrorController: {public org.springframework.http.ResponseEntity org.springframework.boot.autoconfigure.web.BasicErrorController.error(javax.servlet.http.HttpServletRequest)={[/error]}, public org.springframework.web.servlet.ModelAndView org.springframework.boot.autoconfigure.web.BasicErrorController.errorHtml(javax.servlet.http.HttpServletRequest,javax.servlet.http.HttpServletResponse)={[/error],produces=[text/html]}}
2017-06-05 17:36:48.219  INFO 2596 --- [main] s.w.s.m.m.a.RequestMappingHandlerMapping : Mapped "{[/error]}" onto public org.springframework.http.ResponseEntity<java.util.Map<java.lang.String, java.lang.Object>> org.springframework.boot.autoconfigure.web.BasicErrorController.error(javax.servlet.http.HttpServletRequest)
2017-06-05 17:36:48.219  INFO 2596 --- [main] s.w.s.m.m.a.RequestMappingHandlerMapping : Mapped "{[/error],produces=[text/html]}" onto public org.springframework.web.servlet.ModelAndView org.springframework.boot.autoconfigure.web.BasicErrorController.errorHtml(javax.servlet.http.HttpServletRequest,javax.servlet.http.HttpServletResponse)
2017-06-05 17:36:48.238 DEBUG 2596 --- [main] o.s.w.s.h.BeanNameUrlHandlerMapping      : Looking for URL mappings in application context: org.springframework.boot.context.embedded.AnnotationConfigEmbeddedWebApplicationContext@55040f2f: startup date [Mon Jun 05 17:36:45 EET 2017]; root of context hierarchy
2017-06-05 17:36:48.239 DEBUG 2596 --- [main] o.s.w.s.h.BeanNameUrlHandlerMapping      : Rejected bean name 'org.springframework.context.annotation.internalConfigurationAnnotationProcessor': no URL paths identified
2017-06-05 17:36:48.239 DEBUG 2596 --- [main] o.s.w.s.h.BeanNameUrlHandlerMapping      : Rejected bean name 'org.springframework.context.annotation.internalAutowiredAnnotationProcessor': no URL paths identified
2017-06-05 17:36:48.239 DEBUG 2596 --- [main] o.s.w.s.h.BeanNameUrlHandlerMapping      : Rejected bean name 'org.springframework.context.annotation.internalRequiredAnnotationProcessor': no URL paths identified
2017-06-05 17:36:48.239 DEBUG 2596 --- [main] o.s.w.s.h.BeanNameUrlHandlerMapping      : Rejected bean name 'org.springframework.context.annotation.internalCommonAnnotationProcessor': no URL paths identified
2017-06-05 17:36:48.239 DEBUG 2596 --- [main] o.s.w.s.h.BeanNameUrlHandlerMapping      : Rejected bean name 'org.springframework.context.event.internalEventListenerProcessor': no URL paths identified
2017-06-05 17:36:48.239 DEBUG 2596 --- [main] o.s.w.s.h.BeanNameUrlHandlerMapping      : Rejected bean name 'org.springframework.context.event.internalEventListenerFactory': no URL paths identified
2017-06-05 17:36:48.239 DEBUG 2596 --- [main] o.s.w.s.h.BeanNameUrlHandlerMapping      : Rejected bean name 'stockexchangeApplication': no URL paths identified
2017-06-05 17:36:48.239 DEBUG 2596 --- [main] o.s.w.s.h.BeanNameUrlHandlerMapping      : Rejected bean name 'org.springframework.boot.autoconfigure.internalCachingMetadataReaderFactory': no URL paths identified
2017-06-05 17:36:48.239 DEBUG 2596 --- [main] o.s.w.s.h.BeanNameUrlHandlerMapping      : Rejected bean name 'mongoDBConfiguration': no URL paths identified
2017-06-05 17:36:48.240 DEBUG 2596 --- [main] o.s.w.s.h.BeanNameUrlHandlerMapping      : Rejected bean name 'exchanger': no URL paths identified
2017-06-05 17:36:48.240 DEBUG 2596 --- [main] o.s.w.s.h.BeanNameUrlHandlerMapping      : Rejected bean name 'DBPopulate': no URL paths identified
2017-06-05 17:36:48.240 DEBUG 2596 --- [main] o.s.w.s.h.BeanNameUrlHandlerMapping      : Rejected bean name 'stockExchangeController': no URL paths identified
2017-06-05 17:36:48.240 DEBUG 2596 --- [main] o.s.w.s.h.BeanNameUrlHandlerMapping      : Rejected bean name 'mongoDbFactory': no URL paths identified
2017-06-05 17:36:48.240 DEBUG 2596 --- [main] o.s.w.s.h.BeanNameUrlHandlerMapping      : Rejected bean name 'mongoTemplate': no URL paths identified
2017-06-05 17:36:48.240 DEBUG 2596 --- [main] o.s.w.s.h.BeanNameUrlHandlerMapping      : Rejected bean name 'org.springframework.data.mongodb.repository.config.MongoRepositoryConfigurationExtension#0': no URL paths identified
2017-06-05 17:36:48.240 DEBUG 2596 --- [main] o.s.w.s.h.BeanNameUrlHandlerMapping      : Rejected bean name 'transactionRepository': no URL paths identified
2017-06-05 17:36:48.240 DEBUG 2596 --- [main] o.s.w.s.h.BeanNameUrlHandlerMapping      : Rejected bean name 'companyRepository': no URL paths identified
2017-06-05 17:36:48.240 DEBUG 2596 --- [main] o.s.w.s.h.BeanNameUrlHandlerMapping      : Rejected bean name 'org.springframework.scheduling.annotation.ProxyAsyncConfiguration': no URL paths identified
2017-06-05 17:36:48.240 DEBUG 2596 --- [main] o.s.w.s.h.BeanNameUrlHandlerMapping      : Rejected bean name 'org.springframework.context.annotation.internalAsyncAnnotationProcessor': no URL paths identified
2017-06-05 17:36:48.240 DEBUG 2596 --- [main] o.s.w.s.h.BeanNameUrlHandlerMapping      : Rejected bean name 'org.springframework.boot.autoconfigure.AutoConfigurationPackages': no URL paths identified
2017-06-05 17:36:48.240 DEBUG 2596 --- [main] o.s.w.s.h.BeanNameUrlHandlerMapping      : Rejected bean name 'org.springframework.boot.autoconfigure.context.PropertyPlaceholderAutoConfiguration': no URL paths identified
2017-06-05 17:36:48.240 DEBUG 2596 --- [main] o.s.w.s.h.BeanNameUrlHandlerMapping      : Rejected bean name 'org.springframework.boot.autoconfigure.condition.BeanTypeRegistry': no URL paths identified
2017-06-05 17:36:48.241 DEBUG 2596 --- [main] o.s.w.s.h.BeanNameUrlHandlerMapping      : Rejected bean name 'propertySourcesPlaceholderConfigurer': no URL paths identified
2017-06-05 17:36:48.241 DEBUG 2596 --- [main] o.s.w.s.h.BeanNameUrlHandlerMapping      : Rejected bean name 'org.springframework.boot.autoconfigure.jackson.JacksonAutoConfiguration$Jackson2ObjectMapperBuilderCustomizerConfiguration': no URL paths identified
2017-06-05 17:36:48.241 DEBUG 2596 --- [main] o.s.w.s.h.BeanNameUrlHandlerMapping      : Rejected bean name 'standardJacksonObjectMapperBuilderCustomizer': no URL paths identified
2017-06-05 17:36:48.241 DEBUG 2596 --- [main] o.s.w.s.h.BeanNameUrlHandlerMapping      : Rejected bean name 'spring.jackson-org.springframework.boot.autoconfigure.jackson.JacksonProperties': no URL paths identified
2017-06-05 17:36:48.241 DEBUG 2596 --- [main] o.s.w.s.h.BeanNameUrlHandlerMapping      : Rejected bean name 'org.springframework.boot.context.properties.ConfigurationPropertiesBindingPostProcessor': no URL paths identified
2017-06-05 17:36:48.241 DEBUG 2596 --- [main] o.s.w.s.h.BeanNameUrlHandlerMapping      : Rejected bean name 'org.springframework.boot.context.properties.ConfigurationPropertiesBindingPostProcessor.store': no URL paths identified
2017-06-05 17:36:48.241 DEBUG 2596 --- [main] o.s.w.s.h.BeanNameUrlHandlerMapping      : Rejected bean name 'org.springframework.boot.autoconfigure.jackson.JacksonAutoConfiguration$JacksonObjectMapperBuilderConfiguration': no URL paths identified
2017-06-05 17:36:48.241 DEBUG 2596 --- [main] o.s.w.s.h.BeanNameUrlHandlerMapping      : Rejected bean name 'jacksonObjectMapperBuilder': no URL paths identified
2017-06-05 17:36:48.241 DEBUG 2596 --- [main] o.s.w.s.h.BeanNameUrlHandlerMapping      : Rejected bean name 'org.springframework.boot.autoconfigure.jackson.JacksonAutoConfiguration$JacksonObjectMapperConfiguration': no URL paths identified
2017-06-05 17:36:48.241 DEBUG 2596 --- [main] o.s.w.s.h.BeanNameUrlHandlerMapping      : Rejected bean name 'jacksonObjectMapper': no URL paths identified
2017-06-05 17:36:48.241 DEBUG 2596 --- [main] o.s.w.s.h.BeanNameUrlHandlerMapping      : Rejected bean name 'org.springframework.boot.autoconfigure.jackson.JacksonAutoConfiguration': no URL paths identified
2017-06-05 17:36:48.241 DEBUG 2596 --- [main] o.s.w.s.h.BeanNameUrlHandlerMapping      : Rejected bean name 'jsonComponentModule': no URL paths identified
2017-06-05 17:36:48.242 DEBUG 2596 --- [main] o.s.w.s.h.BeanNameUrlHandlerMapping      : Rejected bean name 'org.springframework.boot.autoconfigure.websocket.WebSocketAutoConfiguration$TomcatWebSocketConfiguration': no URL paths identified
2017-06-05 17:36:48.242 DEBUG 2596 --- [main] o.s.w.s.h.BeanNameUrlHandlerMapping      : Rejected bean name 'websocketContainerCustomizer': no URL paths identified
2017-06-05 17:36:48.242 DEBUG 2596 --- [main] o.s.w.s.h.BeanNameUrlHandlerMapping      : Rejected bean name 'org.springframework.boot.autoconfigure.websocket.WebSocketAutoConfiguration': no URL paths identified
2017-06-05 17:36:48.242 DEBUG 2596 --- [main] o.s.w.s.h.BeanNameUrlHandlerMapping      : Rejected bean name 'org.springframework.boot.autoconfigure.web.EmbeddedServletContainerAutoConfiguration$EmbeddedTomcat': no URL paths identified
2017-06-05 17:36:48.242 DEBUG 2596 --- [main] o.s.w.s.h.BeanNameUrlHandlerMapping      : Rejected bean name 'tomcatEmbeddedServletContainerFactory': no URL paths identified
2017-06-05 17:36:48.242 DEBUG 2596 --- [main] o.s.w.s.h.BeanNameUrlHandlerMapping      : Rejected bean name 'org.springframework.boot.autoconfigure.web.EmbeddedServletContainerAutoConfiguration': no URL paths identified
2017-06-05 17:36:48.242 DEBUG 2596 --- [main] o.s.w.s.h.BeanNameUrlHandlerMapping      : Rejected bean name 'embeddedServletContainerCustomizerBeanPostProcessor': no URL paths identified
2017-06-05 17:36:48.242 DEBUG 2596 --- [main] o.s.w.s.h.BeanNameUrlHandlerMapping      : Rejected bean name 'errorPageRegistrarBeanPostProcessor': no URL paths identified
2017-06-05 17:36:48.242 DEBUG 2596 --- [main] o.s.w.s.h.BeanNameUrlHandlerMapping      : Rejected bean name 'org.springframework.boot.autoconfigure.web.DispatcherServletAutoConfiguration$DispatcherServletConfiguration': no URL paths identified
2017-06-05 17:36:48.242 DEBUG 2596 --- [main] o.s.w.s.h.BeanNameUrlHandlerMapping      : Rejected bean name 'dispatcherServlet': no URL paths identified
2017-06-05 17:36:48.242 DEBUG 2596 --- [main] o.s.w.s.h.BeanNameUrlHandlerMapping      : Rejected bean name 'spring.mvc-org.springframework.boot.autoconfigure.web.WebMvcProperties': no URL paths identified
2017-06-05 17:36:48.242 DEBUG 2596 --- [main] o.s.w.s.h.BeanNameUrlHandlerMapping      : Rejected bean name 'org.springframework.boot.autoconfigure.web.DispatcherServletAutoConfiguration$DispatcherServletRegistrationConfiguration': no URL paths identified
2017-06-05 17:36:48.243 DEBUG 2596 --- [main] o.s.w.s.h.BeanNameUrlHandlerMapping      : Rejected bean name 'dispatcherServletRegistration': no URL paths identified
2017-06-05 17:36:48.243 DEBUG 2596 --- [main] o.s.w.s.h.BeanNameUrlHandlerMapping      : Rejected bean name 'org.springframework.boot.autoconfigure.web.DispatcherServletAutoConfiguration': no URL paths identified
2017-06-05 17:36:48.243 DEBUG 2596 --- [main] o.s.w.s.h.BeanNameUrlHandlerMapping      : Rejected bean name 'org.springframework.boot.autoconfigure.validation.DefaultValidatorConfiguration': no URL paths identified
2017-06-05 17:36:48.243 DEBUG 2596 --- [main] o.s.w.s.h.BeanNameUrlHandlerMapping      : Rejected bean name 'defaultValidator': no URL paths identified
2017-06-05 17:36:48.243 DEBUG 2596 --- [main] o.s.w.s.h.BeanNameUrlHandlerMapping      : Rejected bean name 'org.springframework.boot.autoconfigure.validation.Jsr303ValidatorAdapterConfiguration': no URL paths identified
2017-06-05 17:36:48.243 DEBUG 2596 --- [main] o.s.w.s.h.BeanNameUrlHandlerMapping      : Rejected bean name 'org.springframework.boot.autoconfigure.validation.ValidationAutoConfiguration': no URL paths identified
2017-06-05 17:36:48.243 DEBUG 2596 --- [main] o.s.w.s.h.BeanNameUrlHandlerMapping      : Rejected bean name 'methodValidationPostProcessor': no URL paths identified
2017-06-05 17:36:48.243 DEBUG 2596 --- [main] o.s.w.s.h.BeanNameUrlHandlerMapping      : Rejected bean name 'org.springframework.boot.autoconfigure.web.ErrorMvcAutoConfiguration$WhitelabelErrorViewConfiguration': no URL paths identified
2017-06-05 17:36:48.243 DEBUG 2596 --- [main] o.s.w.s.h.BeanNameUrlHandlerMapping      : Rejected bean name 'error': no URL paths identified
2017-06-05 17:36:48.243 DEBUG 2596 --- [main] o.s.w.s.h.BeanNameUrlHandlerMapping      : Rejected bean name 'beanNameViewResolver': no URL paths identified
2017-06-05 17:36:48.244 DEBUG 2596 --- [main] o.s.w.s.h.BeanNameUrlHandlerMapping      : Rejected bean name 'org.springframework.boot.autoconfigure.web.ErrorMvcAutoConfiguration$DefaultErrorViewResolverConfiguration': no URL paths identified
2017-06-05 17:36:48.244 DEBUG 2596 --- [main] o.s.w.s.h.BeanNameUrlHandlerMapping      : Rejected bean name 'conventionErrorViewResolver': no URL paths identified
2017-06-05 17:36:48.244 DEBUG 2596 --- [main] o.s.w.s.h.BeanNameUrlHandlerMapping      : Rejected bean name 'org.springframework.boot.autoconfigure.web.ErrorMvcAutoConfiguration': no URL paths identified
2017-06-05 17:36:48.244 DEBUG 2596 --- [main] o.s.w.s.h.BeanNameUrlHandlerMapping      : Rejected bean name 'errorAttributes': no URL paths identified
2017-06-05 17:36:48.244 DEBUG 2596 --- [main] o.s.w.s.h.BeanNameUrlHandlerMapping      : Rejected bean name 'basicErrorController': no URL paths identified
2017-06-05 17:36:48.244 DEBUG 2596 --- [main] o.s.w.s.h.BeanNameUrlHandlerMapping      : Rejected bean name 'errorPageCustomizer': no URL paths identified
2017-06-05 17:36:48.244 DEBUG 2596 --- [main] o.s.w.s.h.BeanNameUrlHandlerMapping      : Rejected bean name 'preserveErrorControllerTargetClassPostProcessor': no URL paths identified
2017-06-05 17:36:48.244 DEBUG 2596 --- [main] o.s.w.s.h.BeanNameUrlHandlerMapping      : Rejected bean name 'spring.resources-org.springframework.boot.autoconfigure.web.ResourceProperties': no URL paths identified
2017-06-05 17:36:48.244 DEBUG 2596 --- [main] o.s.w.s.h.BeanNameUrlHandlerMapping      : Rejected bean name 'org.springframework.boot.autoconfigure.web.WebMvcAutoConfiguration$EnableWebMvcConfiguration': no URL paths identified
2017-06-05 17:36:48.244 DEBUG 2596 --- [main] o.s.w.s.h.BeanNameUrlHandlerMapping      : Rejected bean name 'requestMappingHandlerAdapter': no URL paths identified
2017-06-05 17:36:48.244 DEBUG 2596 --- [main] o.s.w.s.h.BeanNameUrlHandlerMapping      : Rejected bean name 'requestMappingHandlerMapping': no URL paths identified
2017-06-05 17:36:48.245 DEBUG 2596 --- [main] o.s.w.s.h.BeanNameUrlHandlerMapping      : Rejected bean name 'mvcContentNegotiationManager': no URL paths identified
2017-06-05 17:36:48.245 DEBUG 2596 --- [main] o.s.w.s.h.BeanNameUrlHandlerMapping      : Rejected bean name 'mvcPathMatcher': no URL paths identified
2017-06-05 17:36:48.245 DEBUG 2596 --- [main] o.s.w.s.h.BeanNameUrlHandlerMapping      : Rejected bean name 'mvcUrlPathHelper': no URL paths identified
2017-06-05 17:36:48.245 DEBUG 2596 --- [main] o.s.w.s.h.BeanNameUrlHandlerMapping      : Rejected bean name 'viewControllerHandlerMapping': no URL paths identified
2017-06-05 17:36:48.245 DEBUG 2596 --- [main] o.s.w.s.h.BeanNameUrlHandlerMapping      : Rejected bean name 'beanNameHandlerMapping': no URL paths identified
2017-06-05 17:36:48.245 DEBUG 2596 --- [main] o.s.w.s.h.BeanNameUrlHandlerMapping      : Rejected bean name 'resourceHandlerMapping': no URL paths identified
2017-06-05 17:36:48.245 DEBUG 2596 --- [main] o.s.w.s.h.BeanNameUrlHandlerMapping      : Rejected bean name 'mvcResourceUrlProvider': no URL paths identified
2017-06-05 17:36:48.245 DEBUG 2596 --- [main] o.s.w.s.h.BeanNameUrlHandlerMapping      : Rejected bean name 'defaultServletHandlerMapping': no URL paths identified
2017-06-05 17:36:48.245 DEBUG 2596 --- [main] o.s.w.s.h.BeanNameUrlHandlerMapping      : Rejected bean name 'mvcConversionService': no URL paths identified
2017-06-05 17:36:48.245 DEBUG 2596 --- [main] o.s.w.s.h.BeanNameUrlHandlerMapping      : Rejected bean name 'mvcUriComponentsContributor': no URL paths identified
2017-06-05 17:36:48.245 DEBUG 2596 --- [main] o.s.w.s.h.BeanNameUrlHandlerMapping      : Rejected bean name 'httpRequestHandlerAdapter': no URL paths identified
2017-06-05 17:36:48.245 DEBUG 2596 --- [main] o.s.w.s.h.BeanNameUrlHandlerMapping      : Rejected bean name 'simpleControllerHandlerAdapter': no URL paths identified
2017-06-05 17:36:48.245 DEBUG 2596 --- [main] o.s.w.s.h.BeanNameUrlHandlerMapping      : Rejected bean name 'handlerExceptionResolver': no URL paths identified
2017-06-05 17:36:48.245 DEBUG 2596 --- [main] o.s.w.s.h.BeanNameUrlHandlerMapping      : Rejected bean name 'mvcViewResolver': no URL paths identified
2017-06-05 17:36:48.245 DEBUG 2596 --- [main] o.s.w.s.h.BeanNameUrlHandlerMapping      : Rejected bean name 'org.springframework.boot.autoconfigure.web.WebMvcAutoConfiguration$WebMvcAutoConfigurationAdapter$FaviconConfiguration': no URL paths identified
2017-06-05 17:36:48.246 DEBUG 2596 --- [main] o.s.w.s.h.BeanNameUrlHandlerMapping      : Rejected bean name 'faviconHandlerMapping': no URL paths identified
2017-06-05 17:36:48.246 DEBUG 2596 --- [main] o.s.w.s.h.BeanNameUrlHandlerMapping      : Rejected bean name 'faviconRequestHandler': no URL paths identified
2017-06-05 17:36:48.246 DEBUG 2596 --- [main] o.s.w.s.h.BeanNameUrlHandlerMapping      : Rejected bean name 'org.springframework.boot.autoconfigure.web.WebMvcAutoConfiguration$WebMvcAutoConfigurationAdapter': no URL paths identified
2017-06-05 17:36:48.246 DEBUG 2596 --- [main] o.s.w.s.h.BeanNameUrlHandlerMapping      : Rejected bean name 'defaultViewResolver': no URL paths identified
2017-06-05 17:36:48.246 DEBUG 2596 --- [main] o.s.w.s.h.BeanNameUrlHandlerMapping      : Rejected bean name 'viewResolver': no URL paths identified
2017-06-05 17:36:48.246 DEBUG 2596 --- [main] o.s.w.s.h.BeanNameUrlHandlerMapping      : Rejected bean name 'welcomePageHandlerMapping': no URL paths identified
2017-06-05 17:36:48.246 DEBUG 2596 --- [main] o.s.w.s.h.BeanNameUrlHandlerMapping      : Rejected bean name 'requestContextFilter': no URL paths identified
2017-06-05 17:36:48.246 DEBUG 2596 --- [main] o.s.w.s.h.BeanNameUrlHandlerMapping      : Rejected bean name 'org.springframework.boot.autoconfigure.web.WebMvcAutoConfiguration': no URL paths identified
2017-06-05 17:36:48.246 DEBUG 2596 --- [main] o.s.w.s.h.BeanNameUrlHandlerMapping      : Rejected bean name 'hiddenHttpMethodFilter': no URL paths identified
2017-06-05 17:36:48.246 DEBUG 2596 --- [main] o.s.w.s.h.BeanNameUrlHandlerMapping      : Rejected bean name 'httpPutFormContentFilter': no URL paths identified
2017-06-05 17:36:48.246 DEBUG 2596 --- [main] o.s.w.s.h.BeanNameUrlHandlerMapping      : Rejected bean name 'org.springframework.boot.autoconfigure.jmx.JmxAutoConfiguration': no URL paths identified
2017-06-05 17:36:48.246 DEBUG 2596 --- [main] o.s.w.s.h.BeanNameUrlHandlerMapping      : Rejected bean name 'mbeanExporter': no URL paths identified
2017-06-05 17:36:48.246 DEBUG 2596 --- [main] o.s.w.s.h.BeanNameUrlHandlerMapping      : Rejected bean name 'objectNamingStrategy': no URL paths identified
2017-06-05 17:36:48.246 DEBUG 2596 --- [main] o.s.w.s.h.BeanNameUrlHandlerMapping      : Rejected bean name 'mbeanServer': no URL paths identified
2017-06-05 17:36:48.246 DEBUG 2596 --- [main] o.s.w.s.h.BeanNameUrlHandlerMapping      : Rejected bean name 'org.springframework.boot.autoconfigure.context.ConfigurationPropertiesAutoConfiguration': no URL paths identified
2017-06-05 17:36:48.246 DEBUG 2596 --- [main] o.s.w.s.h.BeanNameUrlHandlerMapping      : Rejected bean name 'org.springframework.boot.autoconfigure.dao.PersistenceExceptionTranslationAutoConfiguration': no URL paths identified
2017-06-05 17:36:48.246 DEBUG 2596 --- [main] o.s.w.s.h.BeanNameUrlHandlerMapping      : Rejected bean name 'persistenceExceptionTranslationPostProcessor': no URL paths identified
2017-06-05 17:36:48.247 DEBUG 2596 --- [main] o.s.w.s.h.BeanNameUrlHandlerMapping      : Rejected bean name 'org.springframework.boot.autoconfigure.data.mongo.MongoDataAutoConfiguration': no URL paths identified
2017-06-05 17:36:48.247 DEBUG 2596 --- [main] o.s.w.s.h.BeanNameUrlHandlerMapping      : Rejected bean name 'mappingMongoConverter': no URL paths identified
2017-06-05 17:36:48.247 DEBUG 2596 --- [main] o.s.w.s.h.BeanNameUrlHandlerMapping      : Rejected bean name 'mongoMappingContext': no URL paths identified
2017-06-05 17:36:48.247 DEBUG 2596 --- [main] o.s.w.s.h.BeanNameUrlHandlerMapping      : Rejected bean name 'gridFsTemplate': no URL paths identified
2017-06-05 17:36:48.247 DEBUG 2596 --- [main] o.s.w.s.h.BeanNameUrlHandlerMapping      : Rejected bean name 'mongoCustomConversions': no URL paths identified
2017-06-05 17:36:48.247 DEBUG 2596 --- [main] o.s.w.s.h.BeanNameUrlHandlerMapping      : Rejected bean name 'spring.data.mongodb-org.springframework.boot.autoconfigure.mongo.MongoProperties': no URL paths identified
2017-06-05 17:36:48.247 DEBUG 2596 --- [main] o.s.w.s.h.BeanNameUrlHandlerMapping      : Rejected bean name 'org.springframework.boot.autoconfigure.web.HttpMessageConvertersAutoConfiguration$StringHttpMessageConverterConfiguration': no URL paths identified
2017-06-05 17:36:48.247 DEBUG 2596 --- [main] o.s.w.s.h.BeanNameUrlHandlerMapping      : Rejected bean name 'stringHttpMessageConverter': no URL paths identified
2017-06-05 17:36:48.247 DEBUG 2596 --- [main] o.s.w.s.h.BeanNameUrlHandlerMapping      : Rejected bean name 'spring.http.encoding-org.springframework.boot.autoconfigure.web.HttpEncodingProperties': no URL paths identified
2017-06-05 17:36:48.247 DEBUG 2596 --- [main] o.s.w.s.h.BeanNameUrlHandlerMapping      : Rejected bean name 'org.springframework.boot.autoconfigure.web.JacksonHttpMessageConvertersConfiguration$MappingJackson2HttpMessageConverterConfiguration': no URL paths identified
2017-06-05 17:36:48.247 DEBUG 2596 --- [main] o.s.w.s.h.BeanNameUrlHandlerMapping      : Rejected bean name 'mappingJackson2HttpMessageConverter': no URL paths identified
2017-06-05 17:36:48.247 DEBUG 2596 --- [main] o.s.w.s.h.BeanNameUrlHandlerMapping      : Rejected bean name 'org.springframework.boot.autoconfigure.web.JacksonHttpMessageConvertersConfiguration': no URL paths identified
2017-06-05 17:36:48.247 DEBUG 2596 --- [main] o.s.w.s.h.BeanNameUrlHandlerMapping      : Rejected bean name 'org.springframework.boot.autoconfigure.web.HttpMessageConvertersAutoConfiguration': no URL paths identified
2017-06-05 17:36:48.247 DEBUG 2596 --- [main] o.s.w.s.h.BeanNameUrlHandlerMapping      : Rejected bean name 'messageConverters': no URL paths identified
2017-06-05 17:36:48.248 DEBUG 2596 --- [main] o.s.w.s.h.BeanNameUrlHandlerMapping      : Rejected bean name 'org.springframework.data.web.config.SpringDataWebConfiguration': no URL paths identified
2017-06-05 17:36:48.248 DEBUG 2596 --- [main] o.s.w.s.h.BeanNameUrlHandlerMapping      : Rejected bean name 'pageableResolver': no URL paths identified
2017-06-05 17:36:48.248 DEBUG 2596 --- [main] o.s.w.s.h.BeanNameUrlHandlerMapping      : Rejected bean name 'sortResolver': no URL paths identified
2017-06-05 17:36:48.248 DEBUG 2596 --- [main] o.s.w.s.h.BeanNameUrlHandlerMapping      : Rejected bean name 'org.springframework.data.web.config.SpringDataJacksonConfiguration': no URL paths identified
2017-06-05 17:36:48.248 DEBUG 2596 --- [main] o.s.w.s.h.BeanNameUrlHandlerMapping      : Rejected bean name 'jacksonGeoModule': no URL paths identified
2017-06-05 17:36:48.248 DEBUG 2596 --- [main] o.s.w.s.h.BeanNameUrlHandlerMapping      : Rejected bean name 'org.springframework.data.mongodb.core.GeoJsonConfiguration': no URL paths identified
2017-06-05 17:36:48.248 DEBUG 2596 --- [main] o.s.w.s.h.BeanNameUrlHandlerMapping      : Rejected bean name 'geoJsonModule': no URL paths identified
2017-06-05 17:36:48.248 DEBUG 2596 --- [main] o.s.w.s.h.BeanNameUrlHandlerMapping      : Rejected bean name 'org.springframework.boot.autoconfigure.data.web.SpringDataWebAutoConfiguration': no URL paths identified
2017-06-05 17:36:48.248 DEBUG 2596 --- [main] o.s.w.s.h.BeanNameUrlHandlerMapping      : Rejected bean name 'org.springframework.boot.autoconfigure.info.ProjectInfoAutoConfiguration': no URL paths identified
2017-06-05 17:36:48.248 DEBUG 2596 --- [main] o.s.w.s.h.BeanNameUrlHandlerMapping      : Rejected bean name 'spring.info-org.springframework.boot.autoconfigure.info.ProjectInfoProperties': no URL paths identified
2017-06-05 17:36:48.248 DEBUG 2596 --- [main] o.s.w.s.h.BeanNameUrlHandlerMapping      : Rejected bean name 'org.springframework.boot.autoconfigure.transaction.TransactionAutoConfiguration': no URL paths identified
2017-06-05 17:36:48.248 DEBUG 2596 --- [main] o.s.w.s.h.BeanNameUrlHandlerMapping      : Rejected bean name 'platformTransactionManagerCustomizers': no URL paths identified
2017-06-05 17:36:48.248 DEBUG 2596 --- [main] o.s.w.s.h.BeanNameUrlHandlerMapping      : Rejected bean name 'spring.transaction-org.springframework.boot.autoconfigure.transaction.TransactionProperties': no URL paths identified
2017-06-05 17:36:48.249 DEBUG 2596 --- [main] o.s.w.s.h.BeanNameUrlHandlerMapping      : Rejected bean name 'org.springframework.boot.autoconfigure.web.HttpEncodingAutoConfiguration': no URL paths identified
2017-06-05 17:36:48.249 DEBUG 2596 --- [main] o.s.w.s.h.BeanNameUrlHandlerMapping      : Rejected bean name 'characterEncodingFilter': no URL paths identified
2017-06-05 17:36:48.249 DEBUG 2596 --- [main] o.s.w.s.h.BeanNameUrlHandlerMapping      : Rejected bean name 'localeCharsetMappingsCustomizer': no URL paths identified
2017-06-05 17:36:48.249 DEBUG 2596 --- [main] o.s.w.s.h.BeanNameUrlHandlerMapping      : Rejected bean name 'org.springframework.boot.autoconfigure.web.MultipartAutoConfiguration': no URL paths identified
2017-06-05 17:36:48.249 DEBUG 2596 --- [main] o.s.w.s.h.BeanNameUrlHandlerMapping      : Rejected bean name 'multipartConfigElement': no URL paths identified
2017-06-05 17:36:48.249 DEBUG 2596 --- [main] o.s.w.s.h.BeanNameUrlHandlerMapping      : Rejected bean name 'multipartResolver': no URL paths identified
2017-06-05 17:36:48.249 DEBUG 2596 --- [main] o.s.w.s.h.BeanNameUrlHandlerMapping      : Rejected bean name 'spring.http.multipart-org.springframework.boot.autoconfigure.web.MultipartProperties': no URL paths identified
2017-06-05 17:36:48.249 DEBUG 2596 --- [main] o.s.w.s.h.BeanNameUrlHandlerMapping      : Rejected bean name 'org.springframework.boot.autoconfigure.web.ServerPropertiesAutoConfiguration': no URL paths identified
2017-06-05 17:36:48.249 DEBUG 2596 --- [main] o.s.w.s.h.BeanNameUrlHandlerMapping      : Rejected bean name 'serverProperties': no URL paths identified
2017-06-05 17:36:48.249 DEBUG 2596 --- [main] o.s.w.s.h.BeanNameUrlHandlerMapping      : Rejected bean name 'duplicateServerPropertiesDetector': no URL paths identified
2017-06-05 17:36:48.249 DEBUG 2596 --- [main] o.s.w.s.h.BeanNameUrlHandlerMapping      : Rejected bean name 'org.springframework.boot.autoconfigure.web.WebClientAutoConfiguration$RestTemplateConfiguration': no URL paths identified
2017-06-05 17:36:48.249 DEBUG 2596 --- [main] o.s.w.s.h.BeanNameUrlHandlerMapping      : Rejected bean name 'restTemplateBuilder': no URL paths identified
2017-06-05 17:36:48.249 DEBUG 2596 --- [main] o.s.w.s.h.BeanNameUrlHandlerMapping      : Rejected bean name 'org.springframework.boot.autoconfigure.web.WebClientAutoConfiguration': no URL paths identified
2017-06-05 17:36:48.250 DEBUG 2596 --- [main] o.s.w.s.h.BeanNameUrlHandlerMapping      : Rejected bean name 'autoConfigurationReport': no URL paths identified
2017-06-05 17:36:48.250 DEBUG 2596 --- [main] o.s.w.s.h.BeanNameUrlHandlerMapping      : Rejected bean name 'springApplicationArguments': no URL paths identified
2017-06-05 17:36:48.250 DEBUG 2596 --- [main] o.s.w.s.h.BeanNameUrlHandlerMapping      : Rejected bean name 'springBootBanner': no URL paths identified
2017-06-05 17:36:48.250 DEBUG 2596 --- [main] o.s.w.s.h.BeanNameUrlHandlerMapping      : Rejected bean name 'springBootLoggingSystem': no URL paths identified
2017-06-05 17:36:48.250 DEBUG 2596 --- [main] o.s.w.s.h.BeanNameUrlHandlerMapping      : Rejected bean name 'environment': no URL paths identified
2017-06-05 17:36:48.250 DEBUG 2596 --- [main] o.s.w.s.h.BeanNameUrlHandlerMapping      : Rejected bean name 'systemProperties': no URL paths identified
2017-06-05 17:36:48.250 DEBUG 2596 --- [main] o.s.w.s.h.BeanNameUrlHandlerMapping      : Rejected bean name 'systemEnvironment': no URL paths identified
2017-06-05 17:36:48.250 DEBUG 2596 --- [main] o.s.w.s.h.BeanNameUrlHandlerMapping      : Rejected bean name 'org.springframework.context.annotation.ConfigurationClassPostProcessor.importRegistry': no URL paths identified
2017-06-05 17:36:48.250 DEBUG 2596 --- [main] o.s.w.s.h.BeanNameUrlHandlerMapping      : Rejected bean name 'messageSource': no URL paths identified
2017-06-05 17:36:48.250 DEBUG 2596 --- [main] o.s.w.s.h.BeanNameUrlHandlerMapping      : Rejected bean name 'applicationEventMulticaster': no URL paths identified
2017-06-05 17:36:48.250 DEBUG 2596 --- [main] o.s.w.s.h.BeanNameUrlHandlerMapping      : Rejected bean name 'servletContext': no URL paths identified
2017-06-05 17:36:48.250 DEBUG 2596 --- [main] o.s.w.s.h.BeanNameUrlHandlerMapping      : Rejected bean name 'contextParameters': no URL paths identified
2017-06-05 17:36:48.250 DEBUG 2596 --- [main] o.s.w.s.h.BeanNameUrlHandlerMapping      : Rejected bean name 'contextAttributes': no URL paths identified
2017-06-05 17:36:48.264  INFO 2596 --- [main] o.s.w.s.handler.SimpleUrlHandlerMapping  : Mapped URL path [/webjars/**] onto handler of type [class org.springframework.web.servlet.resource.ResourceHttpRequestHandler]
2017-06-05 17:36:48.264  INFO 2596 --- [main] o.s.w.s.handler.SimpleUrlHandlerMapping  : Mapped URL path [/**] onto handler of type [class org.springframework.web.servlet.resource.ResourceHttpRequestHandler]
2017-06-05 17:36:48.279 DEBUG 2596 --- [main] .m.m.a.ExceptionHandlerExceptionResolver : Looking for exception mappings: org.springframework.boot.context.embedded.AnnotationConfigEmbeddedWebApplicationContext@55040f2f: startup date [Mon Jun 05 17:36:45 EET 2017]; root of context hierarchy
2017-06-05 17:36:48.304  INFO 2596 --- [main] o.s.w.s.handler.SimpleUrlHandlerMapping  : Mapped URL path [/**/favicon.ico] onto handler of type [class org.springframework.web.servlet.resource.ResourceHttpRequestHandler]
2017-06-05 17:36:48.498  INFO 2596 --- [main] o.s.j.e.a.AnnotationMBeanExporter        : Registering beans for JMX exposure on startup
2017-06-05 17:36:48.509 DEBUG 2596 --- [main] o.s.w.s.resource.ResourceUrlProvider     : Looking for resource handler mappings
2017-06-05 17:36:48.510 DEBUG 2596 --- [main] o.s.w.s.resource.ResourceUrlProvider     : Found resource handler mapping: URL pattern="/**/favicon.ico", locations=[ServletContext resource [/], class path resource [META-INF/resources/], class path resource [resources/], class path resource [static/], class path resource [public/], class path resource []], resolvers=[org.springframework.web.servlet.resource.PathResourceResolver@63716833]
2017-06-05 17:36:48.510 DEBUG 2596 --- [main] o.s.w.s.resource.ResourceUrlProvider     : Found resource handler mapping: URL pattern="/webjars/**", locations=[class path resource [META-INF/resources/webjars/]], resolvers=[org.springframework.web.servlet.resource.PathResourceResolver@573284a5]
2017-06-05 17:36:48.510 DEBUG 2596 --- [main] o.s.w.s.resource.ResourceUrlProvider     : Found resource handler mapping: URL pattern="/**", locations=[ServletContext resource [/], class path resource [META-INF/resources/], class path resource [resources/], class path resource [static/], class path resource [public/]], resolvers=[org.springframework.web.servlet.resource.PathResourceResolver@3fbfbf84]
2017-06-05 17:36:48.659  INFO 2596 --- [main] s.b.c.e.t.TomcatEmbeddedServletContainer : Tomcat started on port(s): 8080 (http)
2017-06-05 17:36:48.660 DEBUG 2596 --- [main] o.s.w.c.s.StandardServletEnvironment     : Adding [server.ports] PropertySource with highest search precedence
2017-06-05 17:36:48.663  INFO 2596 --- [main] c.e.stockexchange.seeder.DBPopulate      : ...Populating some company data into database...
2017-06-05 17:36:48.689  INFO 2596 --- [main] org.mongodb.driver.connection            : Opened connection [connectionId{localValue:4, serverValue:490}] to localhost:27017
2017-06-05 17:36:48.741  INFO 2596 --- [main] c.e.s.StockexchangeApplication           : Started StockexchangeApplication in 3.485 seconds (JVM running for 3.777)
2017-06-05 17:36:48.741  INFO 2596 --- [main] c.e.s.StockexchangeApplication           : ..StockexchangeApplication Started..
2017-06-05 17:37:13.257  INFO 15992 --- [main] c.e.s.StockexchangeApplication           : Starting StockexchangeApplication on Lenovo-PC with PID 15992 (E:\Spring\sts-bundle\stockexchange\bin started by BURHAN in E:\Spring\sts-bundle\stockexchange)
2017-06-05 17:37:13.259  INFO 15992 --- [main] c.e.s.StockexchangeApplication           : No active profile set, falling back to default profiles: default
2017-06-05 17:37:13.306  INFO 15992 --- [main] ationConfigEmbeddedWebApplicationContext : Refreshing org.springframework.boot.context.embedded.AnnotationConfigEmbeddedWebApplicationContext@55040f2f: startup date [Mon Jun 05 17:37:13 EET 2017]; root of context hierarchy
2017-06-05 17:37:14.205  INFO 15992 --- [main] trationDelegate$BeanPostProcessorChecker : Bean 'stockexchangeApplication' of type [com.example.stockexchange.StockexchangeApplication$$EnhancerBySpringCGLIB$$1bdc00ec] is not eligible for getting processed by all BeanPostProcessors (for example: not eligible for auto-proxying)
2017-06-05 17:37:14.213  INFO 15992 --- [main] o.s.s.concurrent.ThreadPoolTaskExecutor  : Initializing ExecutorService 
2017-06-05 17:37:14.723  INFO 15992 --- [main] s.b.c.e.t.TomcatEmbeddedServletContainer : Tomcat initialized with port(s): 8080 (http)
2017-06-05 17:37:14.743  INFO 15992 --- [main] o.apache.catalina.core.StandardService   : Starting service Tomcat
2017-06-05 17:37:14.745  INFO 15992 --- [main] org.apache.catalina.core.StandardEngine  : Starting Servlet Engine: Apache Tomcat/8.5.14
2017-06-05 17:37:14.849  INFO 15992 --- [localhost-startStop-1] o.a.c.c.C.[Tomcat].[localhost].[/]       : Initializing Spring embedded WebApplicationContext
2017-06-05 17:37:14.850  INFO 15992 --- [localhost-startStop-1] o.s.web.context.ContextLoader            : Root WebApplicationContext: initialization completed in 1546 ms
2017-06-05 17:37:14.988  INFO 15992 --- [localhost-startStop-1] o.s.b.w.servlet.ServletRegistrationBean  : Mapping servlet: 'dispatcherServlet' to [/]
2017-06-05 17:37:14.992  INFO 15992 --- [localhost-startStop-1] o.s.b.w.servlet.FilterRegistrationBean   : Mapping filter: 'characterEncodingFilter' to: [/*]
2017-06-05 17:37:14.993  INFO 15992 --- [localhost-startStop-1] o.s.b.w.servlet.FilterRegistrationBean   : Mapping filter: 'hiddenHttpMethodFilter' to: [/*]
2017-06-05 17:37:14.994  INFO 15992 --- [localhost-startStop-1] o.s.b.w.servlet.FilterRegistrationBean   : Mapping filter: 'httpPutFormContentFilter' to: [/*]
2017-06-05 17:37:14.994  INFO 15992 --- [localhost-startStop-1] o.s.b.w.servlet.FilterRegistrationBean   : Mapping filter: 'requestContextFilter' to: [/*]
2017-06-05 17:37:15.528  INFO 15992 --- [main] org.mongodb.driver.cluster               : Cluster created with settings {hosts=[localhost:27017], mode=SINGLE, requiredClusterType=UNKNOWN, serverSelectionTimeout='30000 ms', maxWaitQueueSize=500}
2017-06-05 17:37:15.572  INFO 15992 --- [cluster-ClusterId{value='59356c9b9391083e7840a617', description='null'}-localhost:27017] org.mongodb.driver.connection            : Opened connection [connectionId{localValue:1, serverValue:491}] to localhost:27017
2017-06-05 17:37:15.573  INFO 15992 --- [cluster-ClusterId{value='59356c9b9391083e7840a617', description='null'}-localhost:27017] org.mongodb.driver.cluster               : Monitor thread successfully connected to server with description ServerDescription{address=localhost:27017, type=STANDALONE, state=CONNECTED, ok=true, version=ServerVersion{versionList=[3, 4, 4]}, minWireVersion=0, maxWireVersion=5, maxDocumentSize=16777216, roundTripTimeNanos=390019}
2017-06-05 17:37:15.689  INFO 15992 --- [main] org.mongodb.driver.cluster               : Cluster created with settings {hosts=[127.0.0.1:27017], mode=SINGLE, requiredClusterType=UNKNOWN, serverSelectionTimeout='30000 ms', maxWaitQueueSize=50}
2017-06-05 17:37:15.694  INFO 15992 --- [cluster-ClusterId{value='59356c9b9391083e7840a618', description='null'}-127.0.0.1:27017] org.mongodb.driver.connection            : Opened connection [connectionId{localValue:2, serverValue:492}] to 127.0.0.1:27017
2017-06-05 17:37:15.694  INFO 15992 --- [cluster-ClusterId{value='59356c9b9391083e7840a618', description='null'}-127.0.0.1:27017] org.mongodb.driver.cluster               : Monitor thread successfully connected to server with description ServerDescription{address=127.0.0.1:27017, type=STANDALONE, state=CONNECTED, ok=true, version=ServerVersion{versionList=[3, 4, 4]}, minWireVersion=0, maxWireVersion=5, maxDocumentSize=16777216, roundTripTimeNanos=353307}
2017-06-05 17:37:15.713  INFO 15992 --- [main] org.mongodb.driver.cluster               : Cluster created with settings {hosts=[127.0.0.1:27017], mode=SINGLE, requiredClusterType=UNKNOWN, serverSelectionTimeout='30000 ms', maxWaitQueueSize=50}
2017-06-05 17:37:15.718  INFO 15992 --- [cluster-ClusterId{value='59356c9b9391083e7840a619', description='null'}-127.0.0.1:27017] org.mongodb.driver.connection            : Opened connection [connectionId{localValue:3, serverValue:493}] to 127.0.0.1:27017
2017-06-05 17:37:15.719  INFO 15992 --- [cluster-ClusterId{value='59356c9b9391083e7840a619', description='null'}-127.0.0.1:27017] org.mongodb.driver.cluster               : Monitor thread successfully connected to server with description ServerDescription{address=127.0.0.1:27017, type=STANDALONE, state=CONNECTED, ok=true, version=ServerVersion{versionList=[3, 4, 4]}, minWireVersion=0, maxWireVersion=5, maxDocumentSize=16777216, roundTripTimeNanos=445285}
2017-06-05 17:37:16.005  INFO 15992 --- [main] s.w.s.m.m.a.RequestMappingHandlerAdapter : Looking for @ControllerAdvice: org.springframework.boot.context.embedded.AnnotationConfigEmbeddedWebApplicationContext@55040f2f: startup date [Mon Jun 05 17:37:13 EET 2017]; root of context hierarchy
2017-06-05 17:37:16.062  INFO 15992 --- [main] s.w.s.m.m.a.RequestMappingHandlerMapping : Mapped "{[/stock/companies],methods=[GET]}" onto public org.springframework.http.ResponseEntity<?> com.example.stockexchange.service.StockExchangeController.getAllCompanies()
2017-06-05 17:37:16.063  INFO 15992 --- [main] s.w.s.m.m.a.RequestMappingHandlerMapping : Mapped "{[/stock/company/companyId={companyId}],methods=[GET]}" onto public org.springframework.http.ResponseEntity<?> com.example.stockexchange.service.StockExchangeController.getCompany(java.lang.String)
2017-06-05 17:37:16.064  INFO 15992 --- [main] s.w.s.m.m.a.RequestMappingHandlerMapping : Mapped "{[/stock/exchange],methods=[POST]}" onto public org.springframework.http.ResponseEntity<?> com.example.stockexchange.service.StockExchangeController.stockExchange(com.example.stockexchange.domain.ExchangeData)
2017-06-05 17:37:16.064  INFO 15992 --- [main] s.w.s.m.m.a.RequestMappingHandlerMapping : Mapped "{[/stock/successfultransactions]}" onto public org.springframework.http.ResponseEntity<?> com.example.stockexchange.service.StockExchangeController.getAllSuccesfulTransactions()
2017-06-05 17:37:16.064  INFO 15992 --- [main] s.w.s.m.m.a.RequestMappingHandlerMapping : Mapped "{[/stock/alltransactions],methods=[GET]}" onto public org.springframework.http.ResponseEntity<?> com.example.stockexchange.service.StockExchangeController.getAllTransactions()
2017-06-05 17:37:16.066  INFO 15992 --- [main] s.w.s.m.m.a.RequestMappingHandlerMapping : Mapped "{[/error]}" onto public org.springframework.http.ResponseEntity<java.util.Map<java.lang.String, java.lang.Object>> org.springframework.boot.autoconfigure.web.BasicErrorController.error(javax.servlet.http.HttpServletRequest)
2017-06-05 17:37:16.067  INFO 15992 --- [main] s.w.s.m.m.a.RequestMappingHandlerMapping : Mapped "{[/error],produces=[text/html]}" onto public org.springframework.web.servlet.ModelAndView org.springframework.boot.autoconfigure.web.BasicErrorController.errorHtml(javax.servlet.http.HttpServletRequest,javax.servlet.http.HttpServletResponse)
2017-06-05 17:37:16.099  INFO 15992 --- [main] o.s.w.s.handler.SimpleUrlHandlerMapping  : Mapped URL path [/webjars/**] onto handler of type [class org.springframework.web.servlet.resource.ResourceHttpRequestHandler]
2017-06-05 17:37:16.099  INFO 15992 --- [main] o.s.w.s.handler.SimpleUrlHandlerMapping  : Mapped URL path [/**] onto handler of type [class org.springframework.web.servlet.resource.ResourceHttpRequestHandler]
2017-06-05 17:37:16.134  INFO 15992 --- [main] o.s.w.s.handler.SimpleUrlHandlerMapping  : Mapped URL path [/**/favicon.ico] onto handler of type [class org.springframework.web.servlet.resource.ResourceHttpRequestHandler]
2017-06-05 17:37:16.311  INFO 15992 --- [main] o.s.j.e.a.AnnotationMBeanExporter        : Registering beans for JMX exposure on startup
2017-06-05 17:37:16.461  INFO 15992 --- [main] s.b.c.e.t.TomcatEmbeddedServletContainer : Tomcat started on port(s): 8080 (http)
2017-06-05 17:37:16.466  INFO 15992 --- [main] c.e.stockexchange.seeder.DBPopulate      : ...Populating some company data into database...
2017-06-05 17:37:16.491  INFO 15992 --- [main] org.mongodb.driver.connection            : Opened connection [connectionId{localValue:4, serverValue:494}] to localhost:27017
2017-06-05 17:37:16.539  INFO 15992 --- [main] c.e.s.StockexchangeApplication           : Started StockexchangeApplication in 3.54 seconds (JVM running for 3.932)
2017-06-05 17:37:16.540  INFO 15992 --- [main] c.e.s.StockexchangeApplication           : ..StockexchangeApplication Started..
2017-11-06 21:02:55.519  INFO 8324 --- [main] c.e.s.StockexchangeApplication           : Starting StockexchangeApplication on burhanc with PID 8324 (started by burhanc in /home/burhanc/ndirilenler/Stock Exchange/stockexchange)
2017-11-06 21:02:55.521  INFO 8324 --- [main] c.e.s.StockexchangeApplication           : No active profile set, falling back to default profiles: default
2017-11-06 21:02:55.576  INFO 8324 --- [main] ationConfigEmbeddedWebApplicationContext : Refreshing org.springframework.boot.context.embedded.AnnotationConfigEmbeddedWebApplicationContext@3eb7fc54: startup date [Mon Nov 06 21:02:55 EET 2017]; root of context hierarchy
2017-11-06 21:02:56.355  INFO 8324 --- [main] trationDelegate$BeanPostProcessorChecker : Bean 'stockexchangeApplication' of type [com.example.stockexchange.StockexchangeApplication$$EnhancerBySpringCGLIB$$16b2ddc5] is not eligible for getting processed by all BeanPostProcessors (for example: not eligible for auto-proxying)
2017-11-06 21:02:56.359  INFO 8324 --- [main] o.s.s.concurrent.ThreadPoolTaskExecutor  : Initializing ExecutorService 
2017-11-06 21:02:56.666  INFO 8324 --- [main] s.b.c.e.t.TomcatEmbeddedServletContainer : Tomcat initialized with port(s): 8080 (http)
2017-11-06 21:02:56.675  INFO 8324 --- [main] o.apache.catalina.core.StandardService   : Starting service Tomcat
2017-11-06 21:02:56.676  INFO 8324 --- [main] org.apache.catalina.core.StandardEngine  : Starting Servlet Engine: Apache Tomcat/8.5.14
2017-11-06 21:02:56.747  INFO 8324 --- [localhost-startStop-1] o.a.c.c.C.[Tomcat].[localhost].[/]       : Initializing Spring embedded WebApplicationContext
2017-11-06 21:02:56.748  INFO 8324 --- [localhost-startStop-1] o.s.web.context.ContextLoader            : Root WebApplicationContext: initialization completed in 1176 ms
2017-11-06 21:02:56.862  INFO 8324 --- [localhost-startStop-1] o.s.b.w.servlet.ServletRegistrationBean  : Mapping servlet: 'dispatcherServlet' to [/]
2017-11-06 21:02:56.865  INFO 8324 --- [localhost-startStop-1] o.s.b.w.servlet.FilterRegistrationBean   : Mapping filter: 'characterEncodingFilter' to: [/*]
2017-11-06 21:02:56.866  INFO 8324 --- [localhost-startStop-1] o.s.b.w.servlet.FilterRegistrationBean   : Mapping filter: 'hiddenHttpMethodFilter' to: [/*]
2017-11-06 21:02:56.866  INFO 8324 --- [localhost-startStop-1] o.s.b.w.servlet.FilterRegistrationBean   : Mapping filter: 'httpPutFormContentFilter' to: [/*]
2017-11-06 21:02:56.866  INFO 8324 --- [localhost-startStop-1] o.s.b.w.servlet.FilterRegistrationBean   : Mapping filter: 'requestContextFilter' to: [/*]
2017-11-06 21:02:57.075  INFO 8324 --- [main] org.mongodb.driver.cluster               : Cluster created with settings {hosts=[localhost:27017], mode=SINGLE, requiredClusterType=UNKNOWN, serverSelectionTimeout='30000 ms', maxWaitQueueSize=500}
2017-11-06 21:02:57.128  INFO 8324 --- [cluster-ClusterId{value='5a00a3d1f6aebb2084ac49b3', description='null'}-localhost:27017] org.mongodb.driver.connection            : Opened connection [connectionId{localValue:1, serverValue:1}] to localhost:27017
2017-11-06 21:02:57.130  INFO 8324 --- [cluster-ClusterId{value='5a00a3d1f6aebb2084ac49b3', description='null'}-localhost:27017] org.mongodb.driver.cluster               : Monitor thread successfully connected to server with description ServerDescription{address=localhost:27017, type=STANDALONE, state=CONNECTED, ok=true, version=ServerVersion{versionList=[2, 6, 10]}, minWireVersion=0, maxWireVersion=2, maxDocumentSize=16777216, roundTripTimeNanos=675884}
2017-11-06 21:02:57.278  INFO 8324 --- [main] org.mongodb.driver.cluster               : Cluster created with settings {hosts=[127.0.0.1:27017], mode=SINGLE, requiredClusterType=UNKNOWN, serverSelectionTimeout='30000 ms', maxWaitQueueSize=50}
2017-11-06 21:02:57.283  INFO 8324 --- [cluster-ClusterId{value='5a00a3d1f6aebb2084ac49b4', description='null'}-127.0.0.1:27017] org.mongodb.driver.connection            : Opened connection [connectionId{localValue:2, serverValue:2}] to 127.0.0.1:27017
2017-11-06 21:02:57.284  INFO 8324 --- [cluster-ClusterId{value='5a00a3d1f6aebb2084ac49b4', description='null'}-127.0.0.1:27017] org.mongodb.driver.cluster               : Monitor thread successfully connected to server with description ServerDescription{address=127.0.0.1:27017, type=STANDALONE, state=CONNECTED, ok=true, version=ServerVersion{versionList=[2, 6, 10]}, minWireVersion=0, maxWireVersion=2, maxDocumentSize=16777216, roundTripTimeNanos=579194}
2017-11-06 21:02:57.300  INFO 8324 --- [main] org.mongodb.driver.cluster               : Cluster created with settings {hosts=[127.0.0.1:27017], mode=SINGLE, requiredClusterType=UNKNOWN, serverSelectionTimeout='30000 ms', maxWaitQueueSize=50}
2017-11-06 21:02:57.305  INFO 8324 --- [cluster-ClusterId{value='5a00a3d1f6aebb2084ac49b5', description='null'}-127.0.0.1:27017] org.mongodb.driver.connection            : Opened connection [connectionId{localValue:3, serverValue:3}] to 127.0.0.1:27017
2017-11-06 21:02:57.306  INFO 8324 --- [cluster-ClusterId{value='5a00a3d1f6aebb2084ac49b5', description='null'}-127.0.0.1:27017] org.mongodb.driver.cluster               : Monitor thread successfully connected to server with description ServerDescription{address=127.0.0.1:27017, type=STANDALONE, state=CONNECTED, ok=true, version=ServerVersion{versionList=[2, 6, 10]}, minWireVersion=0, maxWireVersion=2, maxDocumentSize=16777216, roundTripTimeNanos=311996}
2017-11-06 21:02:57.594  INFO 8324 --- [main] s.w.s.m.m.a.RequestMappingHandlerAdapter : Looking for @ControllerAdvice: org.springframework.boot.context.embedded.AnnotationConfigEmbeddedWebApplicationContext@3eb7fc54: startup date [Mon Nov 06 21:02:55 EET 2017]; root of context hierarchy
2017-11-06 21:02:57.661  INFO 8324 --- [main] s.w.s.m.m.a.RequestMappingHandlerMapping : Mapped "{[/stock/companies],methods=[GET]}" onto public org.springframework.http.ResponseEntity<?> com.example.stockexchange.service.StockExchangeController.getAllCompanies()
2017-11-06 21:02:57.662  INFO 8324 --- [main] s.w.s.m.m.a.RequestMappingHandlerMapping : Mapped "{[/stock/company/companyId={companyId}],methods=[GET]}" onto public org.springframework.http.ResponseEntity<?> com.example.stockexchange.service.StockExchangeController.getCompany(java.lang.String)
2017-11-06 21:02:57.663  INFO 8324 --- [main] s.w.s.m.m.a.RequestMappingHandlerMapping : Mapped "{[/stock/exchange],methods=[POST]}" onto public org.springframework.http.ResponseEntity<?> com.example.stockexchange.service.StockExchangeController.stockExchange(com.example.stockexchange.exchanger.ExchangeData)
2017-11-06 21:02:57.663  INFO 8324 --- [main] s.w.s.m.m.a.RequestMappingHandlerMapping : Mapped "{[/stock/successfultransactions]}" onto public org.springframework.http.ResponseEntity<?> com.example.stockexchange.service.StockExchangeController.getAllSuccesfulTransactions()
2017-11-06 21:02:57.663  INFO 8324 --- [main] s.w.s.m.m.a.RequestMappingHandlerMapping : Mapped "{[/stock/alltransactions],methods=[GET]}" onto public org.springframework.http.ResponseEntity<?> com.example.stockexchange.service.StockExchangeController.getAllTransactions()
2017-11-06 21:02:57.666  INFO 8324 --- [main] s.w.s.m.m.a.RequestMappingHandlerMapping : Mapped "{[/error],produces=[text/html]}" onto public org.springframework.web.servlet.ModelAndView org.springframework.boot.autoconfigure.web.BasicErrorController.errorHtml(javax.servlet.http.HttpServletRequest,javax.servlet.http.HttpServletResponse)
2017-11-06 21:02:57.666  INFO 8324 --- [main] s.w.s.m.m.a.RequestMappingHandlerMapping : Mapped "{[/error]}" onto public org.springframework.http.ResponseEntity<java.util.Map<java.lang.String, java.lang.Object>> org.springframework.boot.autoconfigure.web.BasicErrorController.error(javax.servlet.http.HttpServletRequest)
2017-11-06 21:02:57.836  INFO 8324 --- [main] o.s.w.s.handler.SimpleUrlHandlerMapping  : Mapped URL path [/webjars/**] onto handler of type [class org.springframework.web.servlet.resource.ResourceHttpRequestHandler]
2017-11-06 21:02:57.837  INFO 8324 --- [main] o.s.w.s.handler.SimpleUrlHandlerMapping  : Mapped URL path [/**] onto handler of type [class org.springframework.web.servlet.resource.ResourceHttpRequestHandler]
2017-11-06 21:02:57.884  INFO 8324 --- [main] o.s.w.s.handler.SimpleUrlHandlerMapping  : Mapped URL path [/**/favicon.ico] onto handler of type [class org.springframework.web.servlet.resource.ResourceHttpRequestHandler]
2017-11-06 21:02:58.091  INFO 8324 --- [main] o.s.j.e.a.AnnotationMBeanExporter        : Registering beans for JMX exposure on startup
2017-11-06 21:02:58.146  INFO 8324 --- [main] s.b.c.e.t.TomcatEmbeddedServletContainer : Tomcat started on port(s): 8080 (http)
2017-11-06 21:02:58.156  INFO 8324 --- [main] c.e.stockexchange.seeder.DBPopulate      : ...Populating some company data into database...
2017-11-06 21:02:58.181  INFO 8324 --- [main] org.mongodb.driver.connection            : Opened connection [connectionId{localValue:4, serverValue:4}] to localhost:27017
2017-11-06 21:02:58.746  INFO 8324 --- [main] c.e.s.StockexchangeApplication           : Started StockexchangeApplication in 3.469 seconds (JVM running for 3.811)
2017-11-06 21:02:58.746  INFO 8324 --- [main] c.e.s.StockexchangeApplication           : ..StockexchangeApplication Started..
